/home/zwang/Projects/GADRL/REGAD
cpu running...
run on cpu
run on amazon_electronics_photo
run on 2
_____ some outliers are taken as normal in training & val : 184
_____ some normal are taken as abnormal in training & val : 15
_____ the total num: 7487
_____ the total labeled num: 7487
_____ the labeled ratio: 1.0
_____  train final num, valid final num:  3004 1503
_____  train/valid:  0.6665187486132682
_____  test: 2995
_____  labeled outliers in trn: 20
_____  true_labeled_outliers_list in trn: 10
_____  noisy labels in trn: 10
_____  labeled outliers in val: 10
_____  true_labeled_outliers_list in val: 5
_____  noisy labels in val: 5
_____  masked outliers in trn: 122
_____  masked outliers in val: 62
_____  contamination ratio in train set: 0.043941411451398134
_____  labeled outliers in test: 132
_____  labeled normal in test: 2863
Epoch: 0001 Training_Loss: 2.5071 time: 0.0843s
Epoch 0: Train loss improved, saving model...
Epoch: 0002 Training_Loss: 2.5006 time: 0.0905s
Epoch 1: Train loss improved, saving model...
Epoch: 0003 Training_Loss: 2.4937 time: 0.1164s
Epoch 2: Train loss improved, saving model...
Epoch: 0004 Training_Loss: 2.4857 time: 0.0902s
Epoch 3: Train loss improved, saving model...
Epoch: 0005 Training_Loss: 2.4780 time: 0.0927s
Epoch 4: Train loss improved, saving model...
Epoch: 0006 Training_Loss: 2.4705 time: 0.0789s
Epoch 5: Train loss improved, saving model...
Epoch: 0007 Training_Loss: 2.4623 time: 0.0778s
Epoch 6: Train loss improved, saving model...
Epoch: 0008 Training_Loss: 2.4485 time: 0.0793s
Epoch 7: Train loss improved, saving model...
Epoch: 0009 Training_Loss: 2.4459 time: 0.0888s
Epoch 8: Train loss improved, saving model...
Epoch: 0010 Training_Loss: 2.4329 time: 0.0864s
Epoch 9: Train loss improved, saving model...
Epoch: 0011 Training_Loss: 2.4224 time: 0.0888s
Epoch 10: Train loss improved, saving model...
Epoch: 0012 Training_Loss: 2.4094 time: 0.0933s
Epoch 11: Train loss improved, saving model...
Epoch: 0013 Training_Loss: 2.4006 time: 0.0891s
Epoch 12: Train loss improved, saving model...
Epoch: 0014 Training_Loss: 2.3915 time: 0.0946s
Epoch 13: Train loss improved, saving model...
Epoch: 0015 Training_Loss: 2.3680 time: 0.1007s
Epoch 14: Train loss improved, saving model...
Epoch: 0016 Training_Loss: 2.3552 time: 0.0966s
Epoch 15: Train loss improved, saving model...
Epoch: 0017 Training_Loss: 2.3348 time: 0.1000s
Epoch 16: Train loss improved, saving model...
Epoch: 0018 Training_Loss: 2.3064 time: 0.1010s
Epoch 17: Train loss improved, saving model...
Epoch: 0019 Training_Loss: 2.2840 time: 0.1033s
Epoch 18: Train loss improved, saving model...
Epoch: 0020 Training_Loss: 2.2713 time: 0.0861s
Epoch 19: Train loss improved, saving model...
Epoch: 0021 Training_Loss: 2.2286 time: 0.0786s
Epoch 20: Train loss improved, saving model...
Epoch: 0022 Training_Loss: 2.2092 time: 0.0815s
Epoch 21: Train loss improved, saving model...
Epoch: 0023 Training_Loss: 2.1780 time: 0.0794s
Epoch 22: Train loss improved, saving model...
Epoch: 0024 Training_Loss: 2.1509 time: 0.0789s
Epoch 23: Train loss improved, saving model...
Epoch: 0025 Training_Loss: 2.0871 time: 0.0831s
Epoch 24: Train loss improved, saving model...
Epoch: 0026 Training_Loss: 2.0452 time: 0.0749s
Epoch 25: Train loss improved, saving model...
Epoch: 0027 Training_Loss: 2.0108 time: 0.0902s
Epoch 26: Train loss improved, saving model...
Epoch: 0028 Training_Loss: 1.9709 time: 0.0909s
Epoch 27: Train loss improved, saving model...
Epoch: 0029 Training_Loss: 1.9105 time: 0.0906s
Epoch 28: Train loss improved, saving model...
Epoch: 0030 Training_Loss: 1.8978 time: 0.0968s
Epoch 29: Train loss improved, saving model...
Epoch: 0031 Training_Loss: 1.8710 time: 0.1332s
Epoch 30: Train loss improved, saving model...
Epoch: 0032 Training_Loss: 1.8386 time: 0.0958s
Epoch 31: Train loss improved, saving model...
Epoch: 0033 Training_Loss: 1.8085 time: 0.0939s
Epoch 32: Train loss improved, saving model...
Epoch: 0034 Training_Loss: 1.8045 time: 0.1003s
Epoch 33: Train loss improved, saving model...
Epoch: 0035 Training_Loss: 1.7881 time: 0.0908s
Epoch 34: Train loss improved, saving model...
Epoch: 0036 Training_Loss: 1.7977 time: 0.1000s
Epoch 35: No improvement in training loss for 1 epochs...
Epoch: 0037 Training_Loss: 1.7549 time: 0.0964s
Epoch 36: Train loss improved, saving model...
Epoch: 0038 Training_Loss: 1.7259 time: 0.0975s
Epoch 37: Train loss improved, saving model...
Epoch: 0039 Training_Loss: 1.7051 time: 0.0987s
Epoch 38: Train loss improved, saving model...
Epoch: 0040 Training_Loss: 1.7330 time: 0.0983s
Epoch 39: No improvement in training loss for 2 epochs...
Epoch: 0041 Training_Loss: 1.7254 time: 0.0862s
Epoch 40: No improvement in training loss for 3 epochs...
Epoch: 0042 Training_Loss: 1.7014 time: 0.0807s
Epoch 41: Train loss improved, saving model...
Epoch: 0043 Training_Loss: 1.7469 time: 0.0834s
Epoch 42: No improvement in training loss for 4 epochs...
Epoch: 0044 Training_Loss: 1.6699 time: 0.0804s
Epoch 43: Train loss improved, saving model...
Epoch: 0045 Training_Loss: 1.7019 time: 0.0814s
Epoch 44: No improvement in training loss for 5 epochs...
Epoch: 0046 Training_Loss: 1.6723 time: 0.0849s
Epoch 45: No improvement in training loss for 6 epochs...
Epoch: 0047 Training_Loss: 1.6703 time: 0.0820s
Epoch 46: No improvement in training loss for 7 epochs...
Epoch: 0048 Training_Loss: 1.6402 time: 0.0832s
Epoch 47: Train loss improved, saving model...
Epoch: 0049 Training_Loss: 1.6476 time: 0.0827s
Epoch 48: No improvement in training loss for 8 epochs...
Epoch: 0050 Training_Loss: 1.6337 time: 0.0823s
Epoch 49: Train loss improved, saving model...
Epoch: 0051 Training_Loss: 1.6366 time: 0.0793s
Epoch 50: No improvement in training loss for 9 epochs...
Epoch: 0052 Training_Loss: 1.6269 time: 0.0798s
Epoch 51: Train loss improved, saving model...
Epoch: 0053 Training_Loss: 1.6047 time: 0.0792s
Epoch 52: Train loss improved, saving model...
Epoch: 0054 Training_Loss: 1.5896 time: 0.0857s
Epoch 53: Train loss improved, saving model...
Epoch: 0055 Training_Loss: 1.5785 time: 0.0897s
Epoch 54: Train loss improved, saving model...
Epoch: 0056 Training_Loss: 1.6086 time: 0.0901s
Epoch 55: No improvement in training loss for 10 epochs...
Epoch: 0057 Training_Loss: 1.5357 time: 0.0906s
Epoch 56: Train loss improved, saving model...
Epoch: 0058 Training_Loss: 1.6124 time: 0.0891s
Epoch 57: No improvement in training loss for 11 epochs...
Epoch: 0059 Training_Loss: 1.5382 time: 0.0793s
Epoch 58: No improvement in training loss for 12 epochs...
Epoch: 0060 Training_Loss: 1.5420 time: 0.0796s
Epoch 59: No improvement in training loss for 13 epochs...
Epoch: 0061 Training_Loss: 1.5122 time: 0.0771s
Epoch 60: Train loss improved, saving model...
Epoch: 0062 Training_Loss: 1.5190 time: 0.0802s
Epoch 61: No improvement in training loss for 14 epochs...
Epoch: 0063 Training_Loss: 1.5010 time: 0.0813s
Epoch 62: Train loss improved, saving model...
Epoch: 0064 Training_Loss: 1.5254 time: 0.0789s
Epoch 63: No improvement in training loss for 15 epochs...
Epoch: 0065 Training_Loss: 1.4894 time: 0.0789s
Epoch 64: Train loss improved, saving model...
Epoch: 0066 Training_Loss: 1.4975 time: 0.0786s
Epoch 65: No improvement in training loss for 16 epochs...
Epoch: 0067 Training_Loss: 1.4737 time: 0.0878s
Epoch 66: Train loss improved, saving model...
Epoch: 0068 Training_Loss: 1.4503 time: 0.0866s
Epoch 67: Train loss improved, saving model...
Epoch: 0069 Training_Loss: 1.4671 time: 0.0899s
Epoch 68: No improvement in training loss for 17 epochs...
Epoch: 0070 Training_Loss: 1.4336 time: 0.0914s
Epoch 69: Train loss improved, saving model...
Epoch: 0071 Training_Loss: 1.4258 time: 0.0918s
Epoch 70: Train loss improved, saving model...
Epoch: 0072 Training_Loss: 1.4256 time: 0.0958s
Epoch 71: Train loss improved, saving model...
Epoch: 0073 Training_Loss: 1.3928 time: 0.0909s
Epoch 72: Train loss improved, saving model...
Epoch: 0074 Training_Loss: 1.3924 time: 0.0928s
Epoch 73: Train loss improved, saving model...
Epoch: 0075 Training_Loss: 1.3785 time: 0.0977s
Epoch 74: Train loss improved, saving model...
Epoch: 0076 Training_Loss: 1.3579 time: 0.0902s
Epoch 75: Train loss improved, saving model...
Epoch: 0077 Training_Loss: 1.3837 time: 0.0919s
Epoch 76: No improvement in training loss for 18 epochs...
Epoch: 0078 Training_Loss: 1.3526 time: 0.1005s
Epoch 77: Train loss improved, saving model...
Epoch: 0079 Training_Loss: 1.3332 time: 0.1013s
Epoch 78: Train loss improved, saving model...
Epoch: 0080 Training_Loss: 1.4051 time: 0.0925s
Epoch 79: No improvement in training loss for 19 epochs...
Epoch: 0081 Training_Loss: 1.3267 time: 0.0933s
Epoch 80: Train loss improved, saving model...
Epoch: 0082 Training_Loss: 1.2838 time: 0.0863s
Epoch 81: Train loss improved, saving model...
Epoch: 0083 Training_Loss: 1.3533 time: 0.0917s
Epoch 82: No improvement in training loss for 20 epochs...
Epoch: 0084 Training_Loss: 1.2750 time: 0.0744s
Epoch 83: Train loss improved, saving model...
Epoch: 0085 Training_Loss: 1.2735 time: 0.0794s
Epoch 84: Train loss improved, saving model...
Epoch: 0086 Training_Loss: 1.3006 time: 0.0792s
Epoch 85: No improvement in training loss for 21 epochs...
Epoch: 0087 Training_Loss: 1.2370 time: 0.0809s
Epoch 86: Train loss improved, saving model...
Epoch: 0088 Training_Loss: 1.2564 time: 0.0776s
Epoch 87: No improvement in training loss for 22 epochs...
Epoch: 0089 Training_Loss: 1.2647 time: 0.0723s
Epoch 88: No improvement in training loss for 23 epochs...
Epoch: 0090 Training_Loss: 1.1945 time: 0.0802s
Epoch 89: Train loss improved, saving model...
Epoch: 0091 Training_Loss: 1.3041 time: 0.0800s
Epoch 90: No improvement in training loss for 24 epochs...
Epoch: 0092 Training_Loss: 1.2320 time: 0.0801s
Epoch 91: No improvement in training loss for 25 epochs...
Epoch: 0093 Training_Loss: 1.1713 time: 0.0807s
Epoch 92: Train loss improved, saving model...
Epoch: 0094 Training_Loss: 1.2546 time: 0.0776s
Epoch 93: No improvement in training loss for 26 epochs...
Epoch: 0095 Training_Loss: 1.1752 time: 0.0804s
Epoch 94: No improvement in training loss for 27 epochs...
Epoch: 0096 Training_Loss: 1.1602 time: 0.0797s
Epoch 95: Train loss improved, saving model...
Epoch: 0097 Training_Loss: 1.3010 time: 0.0803s
Epoch 96: No improvement in training loss for 28 epochs...
Epoch: 0098 Training_Loss: 1.1530 time: 0.0819s
Epoch 97: Train loss improved, saving model...
Epoch: 0099 Training_Loss: 1.2561 time: 0.0803s
Epoch 98: No improvement in training loss for 29 epochs...
Epoch: 0100 Training_Loss: 1.1232 time: 0.0784s
Epoch 99: Train loss improved, saving model...
Epoch: 0101 Training_Loss: 1.2451 time: 0.0806s
Epoch 100: No improvement in training loss for 30 epochs...
Epoch: 0102 Training_Loss: 1.1270 time: 0.0793s
Epoch 101: No improvement in training loss for 31 epochs...
Epoch: 0103 Training_Loss: 1.1837 time: 0.0804s
Epoch 102: No improvement in training loss for 32 epochs...
Epoch: 0104 Training_Loss: 1.1290 time: 0.0797s
Epoch 103: No improvement in training loss for 33 epochs...
Epoch: 0105 Training_Loss: 1.1325 time: 0.0782s
Epoch 104: No improvement in training loss for 34 epochs...
Epoch: 0106 Training_Loss: 1.1885 time: 0.0869s
Epoch 105: No improvement in training loss for 35 epochs...
Epoch: 0107 Training_Loss: 1.1028 time: 0.0886s
Epoch 106: Train loss improved, saving model...
Epoch: 0108 Training_Loss: 1.1631 time: 0.0920s
Epoch 107: No improvement in training loss for 36 epochs...
Epoch: 0109 Training_Loss: 1.0880 time: 0.0886s
Epoch 108: Train loss improved, saving model...
Epoch: 0110 Training_Loss: 1.1272 time: 0.0878s
Epoch 109: No improvement in training loss for 37 epochs...
Epoch: 0111 Training_Loss: 1.0642 time: 0.0899s
Epoch 110: Train loss improved, saving model...
Epoch: 0112 Training_Loss: 1.1171 time: 0.0968s
Epoch 111: No improvement in training loss for 38 epochs...
Epoch: 0113 Training_Loss: 1.0766 time: 0.0830s
Epoch 112: No improvement in training loss for 39 epochs...
Epoch: 0114 Training_Loss: 1.0825 time: 0.0796s
Epoch 113: No improvement in training loss for 40 epochs...
Epoch: 0115 Training_Loss: 1.0985 time: 0.0879s
Epoch 114: No improvement in training loss for 41 epochs...
Epoch: 0116 Training_Loss: 1.0624 time: 0.0811s
Epoch 115: Train loss improved, saving model...
Epoch: 0117 Training_Loss: 1.0771 time: 0.0899s
Epoch 116: No improvement in training loss for 42 epochs...
Epoch: 0118 Training_Loss: 1.1047 time: 0.0969s
Epoch 117: No improvement in training loss for 43 epochs...
Epoch: 0119 Training_Loss: 1.0450 time: 0.0798s
Epoch 118: Train loss improved, saving model...
Epoch: 0120 Training_Loss: 1.0823 time: 0.0832s
Epoch 119: No improvement in training loss for 44 epochs...
Epoch: 0121 Training_Loss: 1.0707 time: 0.0801s
Epoch 120: No improvement in training loss for 45 epochs...
Epoch: 0122 Training_Loss: 1.0241 time: 0.0746s
Epoch 121: Train loss improved, saving model...
Epoch: 0123 Training_Loss: 1.1065 time: 0.0852s
Epoch 122: No improvement in training loss for 46 epochs...
Epoch: 0124 Training_Loss: 1.0257 time: 0.1010s
Epoch 123: No improvement in training loss for 47 epochs...
Epoch: 0125 Training_Loss: 1.0363 time: 0.0901s
Epoch 124: No improvement in training loss for 48 epochs...
Epoch: 0126 Training_Loss: 1.0641 time: 0.0979s
Epoch 125: No improvement in training loss for 49 epochs...
Epoch: 0127 Training_Loss: 1.0154 time: 0.0887s
Epoch 126: Train loss improved, saving model...
Epoch: 0128 Training_Loss: 1.0352 time: 0.0847s
Epoch 127: No improvement in training loss for 50 epochs...
Early stopping triggered. Stopping training...
Precision_100 Precision_200 Precision_300 Precision_400 Precision_500 Precision_600 Recall_100 Recall_200 Recall_300 Recall_400 Recall_500 Recall_600 AUC AUPR
[0.05, 0.03, 0.023333333333333334, 0.0225, 0.02, 0.016666666666666666, 0.4166666666666667, 0.5, 0.5833333333333334, 0.75, 0.8333333333333334, 0.8333333333333334, 0.7716297786720322, 0.045421400172623784]
save the best model
Epoch: 0001 Training_Loss: 1.0465 time: 0.0842s
Epoch 0: Train loss improved, saving model...
Epoch: 0002 Training_Loss: 0.9943 time: 0.0873s
Epoch 1: Train loss improved, saving model...
Epoch: 0003 Training_Loss: 1.0486 time: 0.0873s
Epoch 2: No improvement in training loss for 1 epochs...
Epoch: 0004 Training_Loss: 1.0773 time: 0.0872s
Epoch 3: No improvement in training loss for 2 epochs...
Epoch: 0005 Training_Loss: 1.0072 time: 0.0807s
Epoch 4: No improvement in training loss for 3 epochs...
Epoch: 0006 Training_Loss: 1.1096 time: 0.0799s
Epoch 5: No improvement in training loss for 4 epochs...
Epoch: 0007 Training_Loss: 0.9956 time: 0.0832s
Epoch 6: No improvement in training loss for 5 epochs...
Epoch: 0008 Training_Loss: 0.9984 time: 0.0807s
Epoch 7: No improvement in training loss for 6 epochs...
Epoch: 0009 Training_Loss: 1.0428 time: 0.0826s
Epoch 8: No improvement in training loss for 7 epochs...
Epoch: 0010 Training_Loss: 0.9896 time: 0.0755s
Epoch 9: Train loss improved, saving model...
Epoch: 0011 Training_Loss: 1.0133 time: 0.0812s
Epoch 10: No improvement in training loss for 8 epochs...
Epoch: 0012 Training_Loss: 1.0185 time: 0.0799s
Epoch 11: No improvement in training loss for 9 epochs...
Epoch: 0013 Training_Loss: 0.9628 time: 0.0798s
Epoch 12: Train loss improved, saving model...
Epoch: 0014 Training_Loss: 1.0164 time: 0.0792s
Epoch 13: No improvement in training loss for 10 epochs...
Epoch: 0015 Training_Loss: 0.9688 time: 0.0784s
Epoch 14: No improvement in training loss for 11 epochs...
Epoch: 0016 Training_Loss: 0.9998 time: 0.0787s
Epoch 15: No improvement in training loss for 12 epochs...
Epoch: 0017 Training_Loss: 1.0146 time: 0.0812s
Epoch 16: No improvement in training loss for 13 epochs...
Epoch: 0018 Training_Loss: 0.9748 time: 0.0785s
Epoch 17: No improvement in training loss for 14 epochs...
Epoch: 0019 Training_Loss: 1.0669 time: 0.0808s
Epoch 18: No improvement in training loss for 15 epochs...
Epoch: 0020 Training_Loss: 0.9285 time: 0.0799s
Epoch 19: Train loss improved, saving model...
Epoch: 0021 Training_Loss: 1.0387 time: 0.0764s
Epoch 20: No improvement in training loss for 16 epochs...
Epoch: 0022 Training_Loss: 0.9587 time: 0.0906s
Epoch 21: No improvement in training loss for 17 epochs...
Epoch: 0023 Training_Loss: 0.9937 time: 0.0806s
Epoch 22: No improvement in training loss for 18 epochs...
Epoch: 0024 Training_Loss: 1.0358 time: 0.0904s
Epoch 23: No improvement in training loss for 19 epochs...
Epoch: 0025 Training_Loss: 0.9465 time: 0.0895s
Epoch 24: No improvement in training loss for 20 epochs...
Epoch: 0026 Training_Loss: 1.1005 time: 0.1075s
Epoch 25: No improvement in training loss for 21 epochs...
Epoch: 0027 Training_Loss: 0.9426 time: 0.0855s
Epoch 26: No improvement in training loss for 22 epochs...
Epoch: 0028 Training_Loss: 1.0903 time: 0.0817s
Epoch 27: No improvement in training loss for 23 epochs...
Epoch: 0029 Training_Loss: 1.0277 time: 0.0841s
Epoch 28: No improvement in training loss for 24 epochs...
Epoch: 0030 Training_Loss: 1.0440 time: 0.0806s
Epoch 29: No improvement in training loss for 25 epochs...
Epoch: 0031 Training_Loss: 1.0209 time: 0.0882s
Epoch 30: No improvement in training loss for 26 epochs...
Epoch: 0032 Training_Loss: 1.0481 time: 0.0889s
Epoch 31: No improvement in training loss for 27 epochs...
Epoch: 0033 Training_Loss: 1.0503 time: 0.0873s
Epoch 32: No improvement in training loss for 28 epochs...
Epoch: 0034 Training_Loss: 0.9676 time: 0.0944s
Epoch 33: No improvement in training loss for 29 epochs...
Epoch: 0035 Training_Loss: 0.9646 time: 0.0782s
Epoch 34: No improvement in training loss for 30 epochs...
Epoch: 0036 Training_Loss: 0.9441 time: 0.0765s
Epoch 35: No improvement in training loss for 31 epochs...
Epoch: 0037 Training_Loss: 0.9317 time: 0.0818s
Epoch 36: No improvement in training loss for 32 epochs...
Epoch: 0038 Training_Loss: 0.9318 time: 0.0794s
Epoch 37: No improvement in training loss for 33 epochs...
Epoch: 0039 Training_Loss: 0.9045 time: 0.0803s
Epoch 38: Train loss improved, saving model...
Epoch: 0040 Training_Loss: 0.9470 time: 0.0890s
Epoch 39: No improvement in training loss for 34 epochs...
Epoch: 0041 Training_Loss: 0.9068 time: 0.0808s
Epoch 40: No improvement in training loss for 35 epochs...
Epoch: 0042 Training_Loss: 0.9320 time: 0.0743s
Epoch 41: No improvement in training loss for 36 epochs...
Epoch: 0043 Training_Loss: 0.9256 time: 0.0808s
Epoch 42: No improvement in training loss for 37 epochs...
Epoch: 0044 Training_Loss: 0.8849 time: 0.0788s
Epoch 43: Train loss improved, saving model...
Epoch: 0045 Training_Loss: 0.9038 time: 0.0789s
Epoch 44: No improvement in training loss for 38 epochs...
Epoch: 0046 Training_Loss: 0.9178 time: 0.0811s
Epoch 45: No improvement in training loss for 39 epochs...
Epoch: 0047 Training_Loss: 0.8814 time: 0.0795s
Epoch 46: Train loss improved, saving model...
Epoch: 0048 Training_Loss: 0.8910 time: 0.0905s
Epoch 47: No improvement in training loss for 40 epochs...
Epoch: 0049 Training_Loss: 0.9171 time: 0.0871s
Epoch 48: No improvement in training loss for 41 epochs...
Epoch: 0050 Training_Loss: 0.9026 time: 0.0910s
Epoch 49: No improvement in training loss for 42 epochs...
Epoch: 0051 Training_Loss: 0.8806 time: 0.1035s
Epoch 50: Train loss improved, saving model...
Epoch: 0052 Training_Loss: 0.8702 time: 0.1033s
Epoch 51: Train loss improved, saving model...
Epoch: 0053 Training_Loss: 0.9125 time: 0.0921s
Epoch 52: No improvement in training loss for 43 epochs...
Epoch: 0054 Training_Loss: 0.8500 time: 0.0892s
Epoch 53: Train loss improved, saving model...
Epoch: 0055 Training_Loss: 0.8668 time: 0.0950s
Epoch 54: No improvement in training loss for 44 epochs...
Epoch: 0056 Training_Loss: 0.9318 time: 0.0943s
Epoch 55: No improvement in training loss for 45 epochs...
Epoch: 0057 Training_Loss: 0.8425 time: 0.0964s
Epoch 56: Train loss improved, saving model...
Epoch: 0058 Training_Loss: 0.9262 time: 0.0998s
Epoch 57: No improvement in training loss for 46 epochs...
Epoch: 0059 Training_Loss: 0.8612 time: 0.0941s
Epoch 58: No improvement in training loss for 47 epochs...
Epoch: 0060 Training_Loss: 0.8590 time: 0.0858s
Epoch 59: No improvement in training loss for 48 epochs...
Epoch: 0061 Training_Loss: 0.8932 time: 0.0925s
Epoch 60: No improvement in training loss for 49 epochs...
Epoch: 0062 Training_Loss: 0.8384 time: 0.0943s
Epoch 61: Train loss improved, saving model...
Epoch: 0063 Training_Loss: 0.8742 time: 0.0986s
Epoch 62: No improvement in training loss for 50 epochs...
Early stopping triggered. Stopping training...
Precision_100 Precision_200 Precision_300 Precision_400 Precision_500 Precision_600 Recall_100 Recall_200 Recall_300 Recall_400 Recall_500 Recall_600 AUC AUPR
[0.06, 0.03, 0.023333333333333334, 0.025, 0.02, 0.016666666666666666, 0.5, 0.5, 0.5833333333333334, 0.8333333333333334, 0.8333333333333334, 0.8333333333333334, 0.7841493404873686, 0.056874872158438276]
save the best model
Epoch: 0001 Training_Loss: 0.8625 time: 0.0956s
Epoch 0: Train loss improved, saving model...
Epoch: 0002 Training_Loss: 0.8333 time: 0.0968s
Epoch 1: Train loss improved, saving model...
Epoch: 0003 Training_Loss: 0.8760 time: 0.0943s
Epoch 2: No improvement in training loss for 1 epochs...
Epoch: 0004 Training_Loss: 0.8616 time: 0.0988s
Epoch 3: No improvement in training loss for 2 epochs...
Epoch: 0005 Training_Loss: 0.8439 time: 0.1017s
Epoch 4: No improvement in training loss for 3 epochs...
Epoch: 0006 Training_Loss: 0.8348 time: 0.0924s
Epoch 5: No improvement in training loss for 4 epochs...
Epoch: 0007 Training_Loss: 0.8193 time: 0.0806s
Epoch 6: Train loss improved, saving model...
Epoch: 0008 Training_Loss: 0.8218 time: 0.0809s
Epoch 7: No improvement in training loss for 5 epochs...
Epoch: 0009 Training_Loss: 0.8432 time: 0.0802s
Epoch 8: No improvement in training loss for 6 epochs...
Epoch: 0010 Training_Loss: 0.8321 time: 0.0818s
Epoch 9: No improvement in training loss for 7 epochs...
Epoch: 0011 Training_Loss: 0.8266 time: 0.0808s
Epoch 10: No improvement in training loss for 8 epochs...
Epoch: 0012 Training_Loss: 0.8217 time: 0.0795s
Epoch 11: No improvement in training loss for 9 epochs...
Epoch: 0013 Training_Loss: 0.8009 time: 0.0807s
Epoch 12: Train loss improved, saving model...
Epoch: 0014 Training_Loss: 0.7933 time: 0.0801s
Epoch 13: Train loss improved, saving model...
Epoch: 0015 Training_Loss: 0.8156 time: 0.0799s
Epoch 14: No improvement in training loss for 10 epochs...
Epoch: 0016 Training_Loss: 0.8057 time: 0.0952s
Epoch 15: No improvement in training loss for 11 epochs...
Epoch: 0017 Training_Loss: 0.8439 time: 0.0906s
Epoch 16: No improvement in training loss for 12 epochs...
Epoch: 0018 Training_Loss: 0.8398 time: 0.0848s
Epoch 17: No improvement in training loss for 13 epochs...
Epoch: 0019 Training_Loss: 0.7896 time: 0.0930s
Epoch 18: Train loss improved, saving model...
Epoch: 0020 Training_Loss: 0.8819 time: 0.0856s
Epoch 19: No improvement in training loss for 14 epochs...
Epoch: 0021 Training_Loss: 0.8458 time: 0.0823s
Epoch 20: No improvement in training loss for 15 epochs...
Epoch: 0022 Training_Loss: 0.8226 time: 0.0788s
Epoch 21: No improvement in training loss for 16 epochs...
Epoch: 0023 Training_Loss: 0.9036 time: 0.0781s
Epoch 22: No improvement in training loss for 17 epochs...
Epoch: 0024 Training_Loss: 0.8057 time: 0.0791s
Epoch 23: No improvement in training loss for 18 epochs...
Epoch: 0025 Training_Loss: 0.7980 time: 0.0759s
Epoch 24: No improvement in training loss for 19 epochs...
Epoch: 0026 Training_Loss: 0.8346 time: 0.0953s
Epoch 25: No improvement in training loss for 20 epochs...
Epoch: 0027 Training_Loss: 0.7755 time: 0.0881s
Epoch 26: Train loss improved, saving model...
Epoch: 0028 Training_Loss: 0.7559 time: 0.0884s
Epoch 27: Train loss improved, saving model...
Epoch: 0029 Training_Loss: 0.7866 time: 0.0844s
Epoch 28: No improvement in training loss for 21 epochs...
Epoch: 0030 Training_Loss: 0.7881 time: 0.0795s
Epoch 29: No improvement in training loss for 22 epochs...
Epoch: 0031 Training_Loss: 0.7639 time: 0.0773s
Epoch 30: No improvement in training loss for 23 epochs...
Epoch: 0032 Training_Loss: 0.7667 time: 0.0832s
Epoch 31: No improvement in training loss for 24 epochs...
Epoch: 0033 Training_Loss: 0.7670 time: 0.0786s
Epoch 32: No improvement in training loss for 25 epochs...
Epoch: 0034 Training_Loss: 0.7666 time: 0.0790s
Epoch 33: No improvement in training loss for 26 epochs...
Epoch: 0035 Training_Loss: 0.7846 time: 0.0787s
Epoch 34: No improvement in training loss for 27 epochs...
Epoch: 0036 Training_Loss: 0.7509 time: 0.0806s
Epoch 35: Train loss improved, saving model...
Epoch: 0037 Training_Loss: 0.8042 time: 0.0816s
Epoch 36: No improvement in training loss for 28 epochs...
Epoch: 0038 Training_Loss: 0.7659 time: 0.0798s
Epoch 37: No improvement in training loss for 29 epochs...
Epoch: 0039 Training_Loss: 0.7497 time: 0.0777s
Epoch 38: Train loss improved, saving model...
Epoch: 0040 Training_Loss: 0.7583 time: 0.0822s
Epoch 39: No improvement in training loss for 30 epochs...
Epoch: 0041 Training_Loss: 0.7599 time: 0.0774s
Epoch 40: No improvement in training loss for 31 epochs...
Epoch: 0042 Training_Loss: 0.7474 time: 0.0786s
Epoch 41: Train loss improved, saving model...
Epoch: 0043 Training_Loss: 0.7810 time: 0.0888s
Epoch 42: No improvement in training loss for 32 epochs...
Epoch: 0044 Training_Loss: 0.7587 time: 0.0803s
Epoch 43: No improvement in training loss for 33 epochs...
Epoch: 0045 Training_Loss: 0.7397 time: 0.0999s
Epoch 44: Train loss improved, saving model...
Epoch: 0046 Training_Loss: 0.7542 time: 0.0873s
Epoch 45: No improvement in training loss for 34 epochs...
Epoch: 0047 Training_Loss: 0.7230 time: 0.0748s
Epoch 46: Train loss improved, saving model...
Epoch: 0048 Training_Loss: 0.7302 time: 0.0888s
Epoch 47: No improvement in training loss for 35 epochs...
Epoch: 0049 Training_Loss: 0.7356 time: 0.0899s
Epoch 48: No improvement in training loss for 36 epochs...
Epoch: 0050 Training_Loss: 0.7247 time: 0.0878s
Epoch 49: No improvement in training loss for 37 epochs...
Epoch: 0051 Training_Loss: 0.7239 time: 0.0899s
Epoch 50: No improvement in training loss for 38 epochs...
Epoch: 0052 Training_Loss: 0.7223 time: 0.0883s
Epoch 51: Train loss improved, saving model...
Epoch: 0053 Training_Loss: 0.8231 time: 0.0889s
Epoch 52: No improvement in training loss for 39 epochs...
Epoch: 0054 Training_Loss: 0.6927 time: 0.0859s
Epoch 53: Train loss improved, saving model...
Epoch: 0055 Training_Loss: 0.7104 time: 0.0865s
Epoch 54: No improvement in training loss for 40 epochs...
Epoch: 0056 Training_Loss: 0.7459 time: 0.0890s
Epoch 55: No improvement in training loss for 41 epochs...
Epoch: 0057 Training_Loss: 0.6963 time: 0.0935s
Epoch 56: No improvement in training loss for 42 epochs...
Epoch: 0058 Training_Loss: 0.8177 time: 0.0884s
Epoch 57: No improvement in training loss for 43 epochs...
Epoch: 0059 Training_Loss: 0.7810 time: 0.0818s
Epoch 58: No improvement in training loss for 44 epochs...
Epoch: 0060 Training_Loss: 0.7679 time: 0.0792s
Epoch 59: No improvement in training loss for 45 epochs...
Epoch: 0061 Training_Loss: 0.7601 time: 0.0795s
Epoch 60: No improvement in training loss for 46 epochs...
Epoch: 0062 Training_Loss: 0.6855 time: 0.0816s
Epoch 61: Train loss improved, saving model...
Epoch: 0063 Training_Loss: 0.7673 time: 0.0807s
Epoch 62: No improvement in training loss for 47 epochs...
Epoch: 0064 Training_Loss: 0.6845 time: 0.0799s
Epoch 63: Train loss improved, saving model...
Epoch: 0065 Training_Loss: 0.8450 time: 0.0810s
Epoch 64: No improvement in training loss for 48 epochs...
Epoch: 0066 Training_Loss: 0.6978 time: 0.0816s
Epoch 65: No improvement in training loss for 49 epochs...
Epoch: 0067 Training_Loss: 0.7450 time: 0.0734s
Epoch 66: No improvement in training loss for 50 epochs...
Early stopping triggered. Stopping training...
Precision_100 Precision_200 Precision_300 Precision_400 Precision_500 Precision_600 Recall_100 Recall_200 Recall_300 Recall_400 Recall_500 Recall_600 AUC AUPR
[0.06, 0.03, 0.03, 0.025, 0.02, 0.016666666666666666, 0.5, 0.5, 0.75, 0.8333333333333334, 0.8333333333333334, 0.8333333333333334, 0.8136597361949476, 0.07243466941483558]
save the best model
Epoch: 0001 Training_Loss: 0.7207 time: 0.0824s
Epoch 0: Train loss improved, saving model...
Epoch: 0002 Training_Loss: 0.6642 time: 0.0739s
Epoch 1: Train loss improved, saving model...
Epoch: 0003 Training_Loss: 0.6790 time: 0.0792s
Epoch 2: No improvement in training loss for 1 epochs...
Epoch: 0004 Training_Loss: 0.6983 time: 0.0813s
Epoch 3: No improvement in training loss for 2 epochs...
Epoch: 0005 Training_Loss: 0.6956 time: 0.0804s
Epoch 4: No improvement in training loss for 3 epochs...
Epoch: 0006 Training_Loss: 0.6777 time: 0.0789s
Epoch 5: No improvement in training loss for 4 epochs...
Epoch: 0007 Training_Loss: 0.6523 time: 0.0950s
Epoch 6: Train loss improved, saving model...
Epoch: 0008 Training_Loss: 0.6420 time: 0.0800s
Epoch 7: Train loss improved, saving model...
Epoch: 0009 Training_Loss: 0.7067 time: 0.0825s
Epoch 8: No improvement in training loss for 5 epochs...
Epoch: 0010 Training_Loss: 0.6661 time: 0.0807s
Epoch 9: No improvement in training loss for 6 epochs...
Epoch: 0011 Training_Loss: 0.6653 time: 0.0792s
Epoch 10: No improvement in training loss for 7 epochs...
Epoch: 0012 Training_Loss: 0.6743 time: 0.0801s
Epoch 11: No improvement in training loss for 8 epochs...
Epoch: 0013 Training_Loss: 0.7036 time: 0.0772s
Epoch 12: No improvement in training loss for 9 epochs...
Epoch: 0014 Training_Loss: 0.6182 time: 0.0809s
Epoch 13: Train loss improved, saving model...
Epoch: 0015 Training_Loss: 0.8551 time: 0.0799s
Epoch 14: No improvement in training loss for 10 epochs...
Epoch: 0016 Training_Loss: 0.7315 time: 0.0823s
Epoch 15: No improvement in training loss for 11 epochs...
Epoch: 0017 Training_Loss: 0.7688 time: 0.0731s
Epoch 16: No improvement in training loss for 12 epochs...
Epoch: 0018 Training_Loss: 0.6746 time: 0.0831s
Epoch 17: No improvement in training loss for 13 epochs...
Epoch: 0019 Training_Loss: 0.7129 time: 0.0782s
Epoch 18: No improvement in training loss for 14 epochs...
Epoch: 0020 Training_Loss: 0.6515 time: 0.0760s
Epoch 19: No improvement in training loss for 15 epochs...
Epoch: 0021 Training_Loss: 0.7040 time: 0.0800s
Epoch 20: No improvement in training loss for 16 epochs...
Epoch: 0022 Training_Loss: 0.6594 time: 0.0797s
Epoch 21: No improvement in training loss for 17 epochs...
Epoch: 0023 Training_Loss: 0.6239 time: 0.0784s
Epoch 22: No improvement in training loss for 18 epochs...
Epoch: 0024 Training_Loss: 0.6663 time: 0.0833s
Epoch 23: No improvement in training loss for 19 epochs...
Epoch: 0025 Training_Loss: 0.6238 time: 0.0819s
Epoch 24: No improvement in training loss for 20 epochs...
Epoch: 0026 Training_Loss: 0.6923 time: 0.0784s
Epoch 25: No improvement in training loss for 21 epochs...
Epoch: 0027 Training_Loss: 0.6314 time: 0.0906s
Epoch 26: No improvement in training loss for 22 epochs...
Epoch: 0028 Training_Loss: 0.6157 time: 0.0924s
Epoch 27: Train loss improved, saving model...
Epoch: 0029 Training_Loss: 0.6721 time: 0.0879s
Epoch 28: No improvement in training loss for 23 epochs...
Epoch: 0030 Training_Loss: 0.6684 time: 0.0900s
Epoch 29: No improvement in training loss for 24 epochs...
Epoch: 0031 Training_Loss: 0.6309 time: 0.0891s
Epoch 30: No improvement in training loss for 25 epochs...
Epoch: 0032 Training_Loss: 0.6813 time: 0.0984s
Epoch 31: No improvement in training loss for 26 epochs...
Epoch: 0033 Training_Loss: 0.6400 time: 0.0957s
Epoch 32: No improvement in training loss for 27 epochs...
Epoch: 0034 Training_Loss: 0.6710 time: 0.0880s
Epoch 33: No improvement in training loss for 28 epochs...
Epoch: 0035 Training_Loss: 0.5991 time: 0.0898s
Epoch 34: Train loss improved, saving model...
Epoch: 0036 Training_Loss: 0.6031 time: 0.0856s
Epoch 35: No improvement in training loss for 29 epochs...
Epoch: 0037 Training_Loss: 0.6161 time: 0.0770s
Epoch 36: No improvement in training loss for 30 epochs...
Epoch: 0038 Training_Loss: 0.6069 time: 0.0760s
Epoch 37: No improvement in training loss for 31 epochs...
Epoch: 0039 Training_Loss: 0.6649 time: 0.0818s
Epoch 38: No improvement in training loss for 32 epochs...
Epoch: 0040 Training_Loss: 0.6344 time: 0.0786s
Epoch 39: No improvement in training loss for 33 epochs...
Epoch: 0041 Training_Loss: 0.6219 time: 0.0801s
Epoch 40: No improvement in training loss for 34 epochs...
Epoch: 0042 Training_Loss: 0.6666 time: 0.0783s
Epoch 41: No improvement in training loss for 35 epochs...
Epoch: 0043 Training_Loss: 0.6195 time: 0.0844s
Epoch 42: No improvement in training loss for 36 epochs...
Epoch: 0044 Training_Loss: 0.5968 time: 0.0843s
Epoch 43: Train loss improved, saving model...
Epoch: 0045 Training_Loss: 0.6135 time: 0.0772s
Epoch 44: No improvement in training loss for 37 epochs...
Epoch: 0046 Training_Loss: 0.5982 time: 0.0796s
Epoch 45: No improvement in training loss for 38 epochs...
Epoch: 0047 Training_Loss: 0.5883 time: 0.0775s
Epoch 46: Train loss improved, saving model...
Epoch: 0048 Training_Loss: 0.5869 time: 0.0804s
Epoch 47: Train loss improved, saving model...
Epoch: 0049 Training_Loss: 0.6079 time: 0.0805s
Epoch 48: No improvement in training loss for 39 epochs...
Epoch: 0050 Training_Loss: 0.5862 time: 0.0810s
Epoch 49: Train loss improved, saving model...
Epoch: 0051 Training_Loss: 0.5810 time: 0.0811s
Epoch 50: Train loss improved, saving model...
Epoch: 0052 Training_Loss: 0.5955 time: 0.0868s
Epoch 51: No improvement in training loss for 40 epochs...
Epoch: 0053 Training_Loss: 0.6137 time: 0.0916s
Epoch 52: No improvement in training loss for 41 epochs...
Epoch: 0054 Training_Loss: 0.5459 time: 0.0895s
Epoch 53: Train loss improved, saving model...
Epoch: 0055 Training_Loss: 0.5497 time: 0.0900s
Epoch 54: No improvement in training loss for 42 epochs...
Epoch: 0056 Training_Loss: 0.5502 time: 0.0853s
Epoch 55: No improvement in training loss for 43 epochs...
Epoch: 0057 Training_Loss: 0.5421 time: 0.0872s
Epoch 56: Train loss improved, saving model...
Epoch: 0058 Training_Loss: 0.5773 time: 0.0817s
Epoch 57: No improvement in training loss for 44 epochs...
Epoch: 0059 Training_Loss: 0.6096 time: 0.0873s
Epoch 58: No improvement in training loss for 45 epochs...
Epoch: 0060 Training_Loss: 0.6118 time: 0.0905s
Epoch 59: No improvement in training loss for 46 epochs...
Epoch: 0061 Training_Loss: 0.5409 time: 0.0826s
Epoch 60: Train loss improved, saving model...
Epoch: 0062 Training_Loss: 0.6599 time: 0.0894s
Epoch 61: No improvement in training loss for 47 epochs...
Epoch: 0063 Training_Loss: 0.7442 time: 0.0921s
Epoch 62: No improvement in training loss for 48 epochs...
Epoch: 0064 Training_Loss: 0.8731 time: 0.0963s
Epoch 63: No improvement in training loss for 49 epochs...
Epoch: 0065 Training_Loss: 0.6941 time: 0.1030s
Epoch 64: No improvement in training loss for 50 epochs...
Early stopping triggered. Stopping training...
Precision_100 Precision_200 Precision_300 Precision_400 Precision_500 Precision_600 Recall_100 Recall_200 Recall_300 Recall_400 Recall_500 Recall_600 AUC AUPR
[0.06, 0.035, 0.023333333333333334, 0.025, 0.02, 0.016666666666666666, 0.5, 0.5833333333333334, 0.5833333333333334, 0.8333333333333334, 0.8333333333333334, 0.8333333333333334, 0.8410462776659959, 0.07867793838486332]
save the best model
Epoch: 0001 Training_Loss: 0.6466 time: 0.1008s
Epoch 0: Train loss improved, saving model...
Epoch: 0002 Training_Loss: 0.5726 time: 0.1013s
Epoch 1: Train loss improved, saving model...
Epoch: 0003 Training_Loss: 0.7200 time: 0.0773s
Epoch 2: No improvement in training loss for 1 epochs...
Epoch: 0004 Training_Loss: 0.7731 time: 0.0805s
Epoch 3: No improvement in training loss for 2 epochs...
Epoch: 0005 Training_Loss: 0.6418 time: 0.0759s
Epoch 4: No improvement in training loss for 3 epochs...
Epoch: 0006 Training_Loss: 0.7429 time: 0.0821s
Epoch 5: No improvement in training loss for 4 epochs...
Epoch: 0007 Training_Loss: 0.5616 time: 0.0884s
Epoch 6: Train loss improved, saving model...
Epoch: 0008 Training_Loss: 0.6185 time: 0.0886s
Epoch 7: No improvement in training loss for 5 epochs...
Epoch: 0009 Training_Loss: 0.6566 time: 0.0907s
Epoch 8: No improvement in training loss for 6 epochs...
Epoch: 0010 Training_Loss: 0.5673 time: 0.0897s
Epoch 9: No improvement in training loss for 7 epochs...
Epoch: 0011 Training_Loss: 0.7202 time: 0.0971s
Epoch 10: No improvement in training loss for 8 epochs...
Epoch: 0012 Training_Loss: 0.5698 time: 0.0996s
Epoch 11: No improvement in training loss for 9 epochs...
Epoch: 0013 Training_Loss: 0.6476 time: 0.0967s
Epoch 12: No improvement in training loss for 10 epochs...
Epoch: 0014 Training_Loss: 0.5694 time: 0.0856s
Epoch 13: No improvement in training loss for 11 epochs...
Epoch: 0015 Training_Loss: 0.5845 time: 0.0903s
Epoch 14: No improvement in training loss for 12 epochs...
Epoch: 0016 Training_Loss: 0.5498 time: 0.0900s
Epoch 15: Train loss improved, saving model...
Epoch: 0017 Training_Loss: 0.5710 time: 0.0942s
Epoch 16: No improvement in training loss for 13 epochs...
Epoch: 0018 Training_Loss: 0.5528 time: 0.0919s
Epoch 17: No improvement in training loss for 14 epochs...
Epoch: 0019 Training_Loss: 0.5827 time: 0.1002s
Epoch 18: No improvement in training loss for 15 epochs...
Epoch: 0020 Training_Loss: 0.5052 time: 0.1052s
Epoch 19: Train loss improved, saving model...
Epoch: 0021 Training_Loss: 0.5324 time: 0.0966s
Epoch 20: No improvement in training loss for 16 epochs...
Epoch: 0022 Training_Loss: 0.5152 time: 0.1048s
Epoch 21: No improvement in training loss for 17 epochs...
Epoch: 0023 Training_Loss: 0.5107 time: 0.1005s
Epoch 22: No improvement in training loss for 18 epochs...
Epoch: 0024 Training_Loss: 0.5770 time: 0.0862s
Epoch 23: No improvement in training loss for 19 epochs...
Epoch: 0025 Training_Loss: 0.5011 time: 0.0816s
Epoch 24: Train loss improved, saving model...
Epoch: 0026 Training_Loss: 0.5591 time: 0.0815s
Epoch 25: No improvement in training loss for 20 epochs...
Epoch: 0027 Training_Loss: 0.5382 time: 0.0894s
Epoch 26: No improvement in training loss for 21 epochs...
Epoch: 0028 Training_Loss: 0.5046 time: 0.0915s
Epoch 27: No improvement in training loss for 22 epochs...
Epoch: 0029 Training_Loss: 0.6085 time: 0.0899s
Epoch 28: No improvement in training loss for 23 epochs...
Epoch: 0030 Training_Loss: 0.6153 time: 0.0819s
Epoch 29: No improvement in training loss for 24 epochs...
Epoch: 0031 Training_Loss: 0.6868 time: 0.0818s
Epoch 30: No improvement in training loss for 25 epochs...
Epoch: 0032 Training_Loss: 0.5899 time: 0.0899s
Epoch 31: No improvement in training loss for 26 epochs...
Epoch: 0033 Training_Loss: 0.7274 time: 0.0813s
Epoch 32: No improvement in training loss for 27 epochs...
Epoch: 0034 Training_Loss: 0.5385 time: 0.0997s
Epoch 33: No improvement in training loss for 28 epochs...
Epoch: 0035 Training_Loss: 0.6105 time: 0.0877s
Epoch 34: No improvement in training loss for 29 epochs...
Epoch: 0036 Training_Loss: 0.5442 time: 0.0812s
Epoch 35: No improvement in training loss for 30 epochs...
Epoch: 0037 Training_Loss: 0.5417 time: 0.0722s
Epoch 36: No improvement in training loss for 31 epochs...
Epoch: 0038 Training_Loss: 0.5706 time: 0.0802s
Epoch 37: No improvement in training loss for 32 epochs...
Epoch: 0039 Training_Loss: 0.5295 time: 0.0795s
Epoch 38: No improvement in training loss for 33 epochs...
Epoch: 0040 Training_Loss: 0.6159 time: 0.0784s
Epoch 39: No improvement in training loss for 34 epochs...
Epoch: 0041 Training_Loss: 0.5440 time: 0.0785s
Epoch 40: No improvement in training loss for 35 epochs...
Epoch: 0042 Training_Loss: 0.5972 time: 0.0807s
Epoch 41: No improvement in training loss for 36 epochs...
Epoch: 0043 Training_Loss: 0.5319 time: 0.1026s
Epoch 42: No improvement in training loss for 37 epochs...
Epoch: 0044 Training_Loss: 0.5764 time: 0.0878s
Epoch 43: No improvement in training loss for 38 epochs...
Epoch: 0045 Training_Loss: 0.5118 time: 0.0890s
Epoch 44: No improvement in training loss for 39 epochs...
Epoch: 0046 Training_Loss: 0.5588 time: 0.0892s
Epoch 45: No improvement in training loss for 40 epochs...
Epoch: 0047 Training_Loss: 0.5231 time: 0.0929s
Epoch 46: No improvement in training loss for 41 epochs...
Epoch: 0048 Training_Loss: 0.5226 time: 0.0795s
Epoch 47: No improvement in training loss for 42 epochs...
Epoch: 0049 Training_Loss: 0.5306 time: 0.0757s
Epoch 48: No improvement in training loss for 43 epochs...
Epoch: 0050 Training_Loss: 0.5396 time: 0.0820s
Epoch 49: No improvement in training loss for 44 epochs...
Epoch: 0051 Training_Loss: 0.5293 time: 0.0843s
Epoch 50: No improvement in training loss for 45 epochs...
Epoch: 0052 Training_Loss: 0.5407 time: 0.0872s
Epoch 51: No improvement in training loss for 46 epochs...
Epoch: 0053 Training_Loss: 0.5215 time: 0.0782s
Epoch 52: No improvement in training loss for 47 epochs...
Epoch: 0054 Training_Loss: 0.5169 time: 0.0923s
Epoch 53: No improvement in training loss for 48 epochs...
Epoch: 0055 Training_Loss: 0.5100 time: 0.0913s
Epoch 54: No improvement in training loss for 49 epochs...
Epoch: 0056 Training_Loss: 0.4919 time: 0.0899s
Epoch 55: Train loss improved, saving model...
Epoch: 0057 Training_Loss: 0.4907 time: 0.0904s
Epoch 56: Train loss improved, saving model...
Epoch: 0058 Training_Loss: 0.4874 time: 0.0777s
Epoch 57: Train loss improved, saving model...
Epoch: 0059 Training_Loss: 0.5179 time: 0.0848s
Epoch 58: No improvement in training loss for 50 epochs...
Early stopping triggered. Stopping training...
Precision_100 Precision_200 Precision_300 Precision_400 Precision_500 Precision_600 Recall_100 Recall_200 Recall_300 Recall_400 Recall_500 Recall_600 AUC AUPR
[0.06, 0.035, 0.023333333333333334, 0.025, 0.02, 0.018333333333333333, 0.5, 0.5833333333333334, 0.5833333333333334, 0.8333333333333334, 0.8333333333333334, 0.9166666666666666, 0.8416051866756091, 0.07489873721819586]
save the best model
total time: 54.2918s
Finish validation!!! 
Precision_100 Precision_200 Precision_300 Precision_400 Precision_500 Precision_600 Recall_100 Recall_200 Recall_300 Recall_400 Recall_500 Recall_600 AUC AUPR
[0.56, 0.445, 0.3466666666666667, 0.2775, 0.238, 0.20166666666666666, 0.4028776978417266, 0.6402877697841727, 0.7482014388489209, 0.7985611510791367, 0.8561151079136691, 0.8705035971223022, 0.919956471797352, 0.48482079713023574]
Preparation for RL is finished!!
